{11672} >2025-03-04 17:18:28.00702< matrixcalc_AMD64 @ YogaSlim7:  xxxxxxxxxxxxxxxxxxxxxxxxxxxxxxxxxxxxxxxxxxxxxxxxxxxxxxxxxxxxxxxxxxxx
                                                                   2025-04-04 17:48:28   current system memory usage reached 85% (7 GB)
                                                                   xxxxxxxxxxxxxxxxxxxxxxxxxxxxxxxxxxxxxxxxxxxxxxxxxxxxxxxxxxxxxxxxxxxx

{9664} >2025-03-04 17:18:40.00237< matrixcalc_AMD64 @ YogaSlim7:  xxxxxxxxxxxxxxxxxxxxxxxxxxxxxxxxxxxxxxxxxxxxxxxxxxxxxxxxxxxxxxxxxxxx
                                                                  2025-04-04 17:48:40   current system memory usage reached 85% (7 GB)
                                                                  xxxxxxxxxxxxxxxxxxxxxxxxxxxxxxxxxxxxxxxxxxxxxxxxxxxxxxxxxxxxxxxxxxxx

{24324} >2025-03-04 17:18:50.00354< matrixcalc_AMD64 @ YogaSlim7: 1xN001:  xxxxxxxxxxxxxxxxxxxxxxxxxxxxxxxxxxxxxxxxxxxxxxxxxxxxxxxxxxxxxxxxxxxx
                                                                           2025-04-04 17:48:50   current system memory usage reached 85% (7 GB)
                                                                           xxxxxxxxxxxxxxxxxxxxxxxxxxxxxxxxxxxxxxxxxxxxxxxxxxxxxxxxxxxxxxxxxxxx



{2064} >2025-03-04 17:18:50.00707< matrixcalc_AMD64 @ YogaSlim7: 1xN002:  xxxxxxxxxxxxxxxxxxxxxxxxxxxxxxxxxxxxxxxxxxxxxxxxxxxxxxxxxxxxxxxxxxxx
                                                                          2025-04-04 17:48:50   current system memory usage reached 85% (7 GB)
                                                                          xxxxxxxxxxxxxxxxxxxxxxxxxxxxxxxxxxxxxxxxxxxxxxxxxxxxxxxxxxxxxxxxxxxx



{3548} >2025-03-04 17:18:49.00892< matrixcalc_AMD64 @ YogaSlim7: 1xN003:  xxxxxxxxxxxxxxxxxxxxxxxxxxxxxxxxxxxxxxxxxxxxxxxxxxxxxxxxxxxxxxxxxxxx
                                                                          2025-04-04 17:48:49   current system memory usage reached 85% (7 GB)
                                                                          xxxxxxxxxxxxxxxxxxxxxxxxxxxxxxxxxxxxxxxxxxxxxxxxxxxxxxxxxxxxxxxxxxxx



{23024} >2025-03-04 17:18:49.00926< matrixcalc_AMD64 @ YogaSlim7: 1xN004:  xxxxxxxxxxxxxxxxxxxxxxxxxxxxxxxxxxxxxxxxxxxxxxxxxxxxxxxxxxxxxxxxxxxx
                                                                           2025-04-04 17:48:49   current system memory usage reached 85% (7 GB)
                                                                           xxxxxxxxxxxxxxxxxxxxxxxxxxxxxxxxxxxxxxxxxxxxxxxxxxxxxxxxxxxxxxxxxxxx



{9772} >2025-03-04 17:18:49.00911< matrixcalc_AMD64 @ YogaSlim7: 1xN006:  xxxxxxxxxxxxxxxxxxxxxxxxxxxxxxxxxxxxxxxxxxxxxxxxxxxxxxxxxxxxxxxxxxxx
                                                                          2025-04-04 17:48:49   current system memory usage reached 85% (7 GB)
                                                                          xxxxxxxxxxxxxxxxxxxxxxxxxxxxxxxxxxxxxxxxxxxxxxxxxxxxxxxxxxxxxxxxxxxx



{18940} >2025-03-04 17:18:49.00909< matrixcalc_AMD64 @ YogaSlim7: 1xN007:  xxxxxxxxxxxxxxxxxxxxxxxxxxxxxxxxxxxxxxxxxxxxxxxxxxxxxxxxxxxxxxxxxxxx
                                                                           2025-04-04 17:48:49   current system memory usage reached 85% (7 GB)
                                                                           xxxxxxxxxxxxxxxxxxxxxxxxxxxxxxxxxxxxxxxxxxxxxxxxxxxxxxxxxxxxxxxxxxxx



